[11:51:31] [Render thread/INFO] [JMLogger] JourneyMap log initialized.
[11:51:31] [Render thread/INFO] [JourneymapClient] initialize ENTER
[11:51:32] [Render thread/INFO] [ClientAPI] [ClientAPI] built with JourneyMap API 1.8-SNAPSHOT
[11:51:32] [Render thread/INFO] [PluginHelper] Initializing plugins with Client API: journeymap.client.api.impl.ClientAPI
[11:51:32] [Render thread/DEBUG] [JourneymapClient] Loading and Generating Journeymap configs
[11:51:32] [Render thread/INFO] [?] Version: JourneyMap 1.18.2-5.8.5, built with forge 1.18.2-40.1.0
forge: 40.1.84
Environment: os.name, os.arch, java.version, user.country, user.language=null, game language=en_us, locale=en_us
Features: 
	RadarPlayers : singleplayer = true , multiplayer = true
	RadarAnimals : singleplayer = true , multiplayer = true
	RadarMobs : singleplayer = true , multiplayer = true
	RadarVillagers : singleplayer = true , multiplayer = true
	MapTopo : singleplayer = true , multiplayer = true
	MapSurface : singleplayer = true , multiplayer = true
	MapCaves : singleplayer = true , multiplayer = true
	MapBiome : singleplayer = true , multiplayer = true
MiniMapProperties{state=Valid, file=journeymap.minimap.config, configVersion=5.8.5, zoomLevel=1, compassFontScale=1.0, terrainAlpha=100, showEntityNames=true, positionX=0.9, positionY=0.25, effectVertical=false, showPlayerHeading=true, sizePercent=30, playerDisplayScale=1.0, showDayNight=true, showPets=true, preferredMapType=night, showCompass=true, mobDisplay=jm.common.entity_display.dots, systemTimeRealFormat=HH:mm:ss, shape=jm.minimap.shape_circle, showSelf=true, selfDisplayScale=1.0, showGrid=true, reticleOrientation=jm.minimap.orientation.playerheading, gameTimeRealFormat=HH:mm:ss, effectTranslateX=-406, showWaypoints=true, minimapKeyMovementSpeed=0.001, showAnimals=true, infoSlotAlpha=0.7, effectTranslateY=0, showWaypointLabels=true, moveEffectIcons=true, position=jm.minimap.position_topright, fontScale=1.0, showPlayers=true, waypointIconScale=1.0, frameAlpha=100, effectReversed=false, backgroundAlpha=0.8, enabled=true, showVillagers=true, info2Label=jm.theme.labelsource.gametime, info3Label=jm.theme.labelsource.location, showMobs=true, waypointLabelScale=1.0, showReticle=true, orientation=jm.minimap.orientation.north, info4Label=jm.theme.labelsource.biome, locationFormat=xzyv, playerDisplay=jm.common.entity_display.dots, mobDisplayScale=1.0, showCaves=true, showMobHeading=true, locationFormatVerbose=true, info1Label=jm.theme.labelsource.blank}
MiniMapProperties{state=Valid, file=journeymap.minimap2.config, configVersion=5.8.5, zoomLevel=0, compassFontScale=1.0, terrainAlpha=100, showEntityNames=true, positionX=0.9, positionY=0.25, effectVertical=false, showPlayerHeading=true, sizePercent=30, playerDisplayScale=1.0, showDayNight=true, showPets=true, preferredMapType=day, showCompass=true, mobDisplay=jm.common.entity_display.dots, systemTimeRealFormat=HH:mm:ss, shape=jm.minimap.shape_rectangle, showSelf=true, selfDisplayScale=1.0, showGrid=true, reticleOrientation=jm.minimap.orientation.compass, gameTimeRealFormat=HH:mm:ss, effectTranslateX=0, showWaypoints=true, minimapKeyMovementSpeed=0.001, showAnimals=true, infoSlotAlpha=0.7, effectTranslateY=0, showWaypointLabels=true, moveEffectIcons=true, position=jm.minimap.position_topright, fontScale=1.0, showPlayers=true, waypointIconScale=1.0, frameAlpha=100, effectReversed=false, backgroundAlpha=0.8, enabled=true, showVillagers=true, info2Label=jm.theme.labelsource.gametime, info3Label=jm.theme.labelsource.location, showMobs=true, waypointLabelScale=1.0, showReticle=true, orientation=jm.minimap.orientation.north, info4Label=jm.theme.labelsource.biome, locationFormat=xzyv, playerDisplay=jm.common.entity_display.dots, mobDisplayScale=1.0, showCaves=true, showMobHeading=true, locationFormatVerbose=true, info1Label=jm.theme.labelsource.blank}
FullMapProperties{state=Valid, file=journeymap.fullmap.config, configVersion=5.8.5, zoomLevel=0, showPlayers=true, waypointIconScale=1.0, showEntityNames=true, showPlayerHeading=true, showVillagers=true, showPlayerLoc=true, showKeys=true, playerDisplayScale=1.0, showMobs=true, showPets=true, waypointLabelScale=1.0, preferredMapType=day, mobDisplay=jm.common.entity_display.dots, showSelf=true, locationFormat=xzyv, playerDisplay=jm.common.entity_display.dots, mobDisplayScale=1.0, selfDisplayScale=1.0, showGrid=true, showMouseLoc=true, showWaypoints=true, showCaves=true, showAnimals=true, dragScale=1, showMobHeading=true, showWaypointLabels=true, locationFormatVerbose=true, fontScale=1.0}
WaypointProperties{state=Valid, file=journeymap.waypoint.config, configVersion=5.8.5, autoRemoveDeathpointDistance=2, dateFormat=MM-dd-yyyy, autoRemoveDeathpoints=false, fullscreenDoubleClickToCreate=true, managerDimensionFocus=false, minDistance=4, boldLabel=false, textureSmall=true, showDeathpointlabel=true, beaconEnabled=true, createDeathpoints=true, showName=true, disableStrikeThrough=false, maxDistance=0, autoHideLabel=true, autoRemoveTempWaypoints=2, teleportCommand=/tp {name} {x} {y} {z}, showStaticBeam=true, shaderBeacon=false, timeFormat=HH:mm:ss, showDeviationLabel=false, showDistance=true, showRotatingBeam=true, fontScale=2.0, showTexture=true, managerEnabled=true}
WebMapProperties{state=Valid, file=journeymap.webmap.config, configVersion=5.8.5, port=8080, enabled=false}
CoreProperties{state=Valid, file=journeymap.core.config, configVersion=5.8.5, verboseColorPalette=false, maxPlayersData=32, mapSurfaceAboveCaves=true, dataCachingEnabled=true, optionsManagerViewed=5.8.5, announceMod=false, colorPassive=#bbbbbb, mapBlendWater=false, renderDistanceSurfaceMax=3, seedId=false, radarVerticalDistance=16, mapBlendGrass=true, recordCacheStats=false, hideSneakingEntities=true, revealShape=jm.minimap.shape_circle, mapBiome=true, alwaysMapSurface=false, colorVillager=#88e188, mapPlants=false, colorPet=#0077ff, radarLateralDistance=64, mapBathymetry=false, mapCrops=true, maxMobsData=32, mapPlantShadows=false, alwaysMapCaves=false, checkUpdates=true, mapBlendFoliage=true, hideSpectators=false, mappingEnabled=true, colorPlayer=#ffffff, tileHighDisplayQuality=true, cacheVillagersData=2200, logLevel=INFO, maxVillagersData=32, mapWaterBiomeColors=false, maxAnimalsData=32, mapTransparency=true, tileRenderType=1, caveIgnoreGlass=true, mapTopography=true, renderDistanceCaveMax=0, mapAntialiasing=true, colorSelf=#0000ff, cachePlayersData=2000, cacheMobsData=3000, cachePlayerData=1000, splashViewed=5.8.5, colorHostile=#ff0000, cacheAnimalsData=3100, themeName=OceanMonument, mapCaveLighting=true, renderDelay=10, glErrorChecking=false, autoMapPoll=2000}
[11:51:32] [Render thread/DEBUG] [ForgeEventHandlerManager] Handler registered: journeymap.client.event.forge.ForgeKeyEvents
[11:51:32] [Render thread/DEBUG] [ForgeEventHandlerManager] Handler registered: journeymap.client.event.forge.ForgeChatEvents
[11:51:32] [Render thread/DEBUG] [ForgeEventHandlerManager] Handler registered: journeymap.client.event.forge.ForgeHudOverlayEvents
[11:51:32] [Render thread/DEBUG] [ForgeEventHandlerManager] Handler registered: journeymap.client.event.forge.ForgeWorldEvent
[11:51:32] [Render thread/DEBUG] [ForgeEventHandlerManager] Handler registered: journeymap.client.event.forge.ForgeChunkEvents
[11:51:32] [Render thread/DEBUG] [ForgeEventHandlerManager] Handler registered: journeymap.client.event.forge.ForgeClientTickEvent
[11:51:32] [Render thread/DEBUG] [ForgeEventHandlerManager] Handler registered: journeymap.client.event.forge.ForgeRenderLevelLastEvent
[11:51:32] [Render thread/DEBUG] [ForgeEventHandlerManager] Handler registered: journeymap.client.event.forge.ForgeLoggedInEvent
[11:51:32] [Render thread/DEBUG] [ForgeEventHandlerManager] Handler registered: journeymap.client.event.forge.ForgeTextureStitchedEvent
[11:51:32] [Render thread/DEBUG] [ForgeEventHandlerManager] Handler registered: journeymap.client.event.forge.ForgePopupCustomEvents
[11:51:32] [Render thread/INFO] [JourneymapClient] initialize EXIT, elapsed count 1 avg 632.71ms
[11:51:48] [Render thread/INFO] [JourneymapClient] Journeymap PostInit
[11:51:48] [Render thread/DEBUG] [JourneymapClient] postInitialize ENTER
[11:51:48] [Render thread/TRACE] [ThemeLoader] Initializing themes ...
[11:51:48] [Render thread/INFO] [ThemeLoader] Preloaded theme textures: 73
[11:51:48] [Render thread/INFO] [JourneymapClient] postInitialize EXIT, elapsed count 1 avg 252.11ms
[11:52:35] [Server thread/INFO] [ForgeConfig] Loading JourneyMap Forge Configs
[11:53:14] [Render thread/INFO] [ModBlockDelegate] Custom modded block handling enabled for biomesoplenty
[11:53:14] [Render thread/INFO] [WaypointStore] Loaded 1 waypoints from C:\Users\cyberpwn\Documents\MultiMC\instances\Vitreous\.minecraft\journeymap\data\sp\New World\waypoints
[11:53:14] [Render thread/INFO] [JourneymapClient] Mapping started in C:\Users\cyberpwn\Documents\MultiMC\instances\Vitreous\.minecraft\journeymap\data\sp\New World\overworld. Memory: 4080MB total, 1301MB free 
[11:56:00] [Render thread/INFO] [ModBlockDelegate] Custom modded block handling enabled for biomesoplenty
[11:59:51] [Render thread/INFO] [JourneymapClient] Mapping halted in C:\Users\cyberpwn\Documents\MultiMC\instances\Vitreous\.minecraft\journeymap\data\sp\New World\minecraft:the_nether
[11:59:51] [Render thread/INFO] [WaypointStore] Loaded 1 waypoints from C:\Users\cyberpwn\Documents\MultiMC\instances\Vitreous\.minecraft\journeymap\data\sp\New World\waypoints
[11:59:51] [Render thread/INFO] [JourneymapClient] Mapping started in C:\Users\cyberpwn\Documents\MultiMC\instances\Vitreous\.minecraft\journeymap\data\sp\New World\the_nether. Memory: 5200MB total, 1398MB free 
[12:00:05] [Render thread/INFO] [JourneymapClient] Mapping halted in C:\Users\cyberpwn\Documents\MultiMC\instances\Vitreous\.minecraft\journeymap\data\sp\New World\minecraft:overworld
[12:00:05] [Render thread/INFO] [WaypointStore] Loaded 1 waypoints from C:\Users\cyberpwn\Documents\MultiMC\instances\Vitreous\.minecraft\journeymap\data\sp\New World\waypoints
[12:00:05] [Render thread/INFO] [JourneymapClient] Mapping started in C:\Users\cyberpwn\Documents\MultiMC\instances\Vitreous\.minecraft\journeymap\data\sp\New World\overworld. Memory: 5200MB total, 2295MB free 
[12:00:22] [JM-task-8/WARN] [SurfaceRenderer] Error rendering surface: 
journeymap.client.model.ChunkMD$ChunkMissingException: Chunk missing: [2, -6]
	at journeymap.client.model.ChunkMD.getChunk(ChunkMD.java:375) ~[journeymap-1.18.2-5.8.5-forge.jar%23114!/:1.18.2-5.8.5]
	at journeymap.client.model.ChunkMD.getPrecipitationHeight(ChunkMD.java:281) ~[journeymap-1.18.2-5.8.5-forge.jar%23114!/:1.18.2-5.8.5]
	at journeymap.client.model.ChunkMD.getPrecipitationHeight(ChunkMD.java:264) ~[journeymap-1.18.2-5.8.5-forge.jar%23114!/:1.18.2-5.8.5]
	at journeymap.client.cartography.render.SurfaceRenderer.renderSurface(SurfaceRenderer.java:180) [journeymap-1.18.2-5.8.5-forge.jar%23114!/:1.18.2-5.8.5]
	at journeymap.client.cartography.render.SurfaceRenderer.render(SurfaceRenderer.java:125) [journeymap-1.18.2-5.8.5-forge.jar%23114!/:1.18.2-5.8.5]
	at journeymap.client.cartography.render.SurfaceRenderer.render(SurfaceRenderer.java:95) [journeymap-1.18.2-5.8.5-forge.jar%23114!/:1.18.2-5.8.5]
	at journeymap.client.cartography.ChunkRenderController.renderChunk(ChunkRenderController.java:155) [journeymap-1.18.2-5.8.5-forge.jar%23114!/:1.18.2-5.8.5]
	at journeymap.client.task.multi.BaseMapTask.performTask(BaseMapTask.java:125) [journeymap-1.18.2-5.8.5-forge.jar%23114!/:1.18.2-5.8.5]
	at journeymap.client.task.multi.TaskBatch.performTask(TaskBatch.java:72) [journeymap-1.18.2-5.8.5-forge.jar%23114!/:1.18.2-5.8.5]
	at journeymap.client.task.multi.MapPlayerTask$MapPlayerTaskBatch.performTask(MapPlayerTask.java:424) [journeymap-1.18.2-5.8.5-forge.jar%23114!/:1.18.2-5.8.5]
	at journeymap.client.thread.RunnableTask$Inner.run(RunnableTask.java:77) [journeymap-1.18.2-5.8.5-forge.jar%23114!/:1.18.2-5.8.5]
	at java.util.concurrent.Executors$RunnableAdapter.call(Executors.java:539) [?:?]
	at java.util.concurrent.FutureTask.run(FutureTask.java:264) [?:?]
	at java.util.concurrent.ScheduledThreadPoolExecutor$ScheduledFutureTask.run(ScheduledThreadPoolExecutor.java:304) [?:?]
	at java.util.concurrent.ThreadPoolExecutor.runWorker(ThreadPoolExecutor.java:1136) [?:?]
	at java.util.concurrent.ThreadPoolExecutor$Worker.run(ThreadPoolExecutor.java:635) [?:?]
	at java.lang.Thread.run(Thread.java:833) [?:?]
[12:01:24] [Render thread/INFO] [JourneymapClient] Mapping halted in C:\Users\cyberpwn\Documents\MultiMC\instances\Vitreous\.minecraft\journeymap\data\sp\New World\minecraft:the_nether
[12:01:24] [JM-task-8/WARN] [TaskBatch] TaskBatch thread interrupted: journeymap.client.task.multi.MapPlayerTask$MapPlayerTaskBatch@1e134870
[12:01:24] [Render thread/INFO] [WaypointStore] Loaded 1 waypoints from C:\Users\cyberpwn\Documents\MultiMC\instances\Vitreous\.minecraft\journeymap\data\sp\New World\waypoints
[12:01:24] [Render thread/INFO] [JourneymapClient] Mapping started in C:\Users\cyberpwn\Documents\MultiMC\instances\Vitreous\.minecraft\journeymap\data\sp\New World\the_nether. Memory: 5200MB total, 2008MB free 
[12:01:37] [Render thread/INFO] [JourneymapClient] Mapping halted in C:\Users\cyberpwn\Documents\MultiMC\instances\Vitreous\.minecraft\journeymap\data\sp\New World\minecraft:overworld
[12:01:37] [Render thread/INFO] [WaypointStore] Loaded 1 waypoints from C:\Users\cyberpwn\Documents\MultiMC\instances\Vitreous\.minecraft\journeymap\data\sp\New World\waypoints
[12:01:37] [Render thread/INFO] [JourneymapClient] Mapping started in C:\Users\cyberpwn\Documents\MultiMC\instances\Vitreous\.minecraft\journeymap\data\sp\New World\overworld. Memory: 5200MB total, 2365MB free 
[12:05:47] [Render thread/INFO] [JourneymapClient] Mapping halted in C:\Users\cyberpwn\Documents\MultiMC\instances\Vitreous\.minecraft\journeymap\data\mp\offline\minecraft:overworld
[12:05:47] [JM-task-10/WARN] [TaskBatch] TaskBatch thread interrupted: journeymap.client.task.multi.MapPlayerTask$MapPlayerTaskBatch@5962705c
